Arguments: 
  C:\Program Files\nodejs\node.exe C:\Users\zhouyuan11\AppData\Roaming\npm\node_modules\yarn\bin\yarn.js add @types/webpack.env -D

PATH: 
  C:\Program Files (x86)\Common Files\Oracle\Java\javapath;C:\Program Files (x86)\Intel\iCLS Client\;C:\Program Files\Intel\iCLS Client\;C:\windows\system32;C:\windows;C:\windows\System32\Wbem;C:\windows\System32\WindowsPowerShell\v1.0\;C:\Program Files (x86)\Intel\Intel(R) Management Engine Components\DAL;C:\Program Files\Intel\Intel(R) Management Engine Components\DAL;C:\Program Files (x86)\Intel\Intel(R) Management Engine Components\IPT;C:\Program Files\Intel\Intel(R) Management Engine Components\IPT;C:\Program Files (x86)\dotnet\;C:\Program Files\Microsoft SQL Server\130\Tools\Binn\;D:\Microsoft VS Code\bin;C:\Program Files\dotnet\;D:\Git\cmd;C:\Program Files\Microsoft SQL Server\110\Tools\Binn\;C:\Program Files\nodejs\;C:\Go\bin;C:\Users\zhouyuan11\AppData\Local\Programs\Python\Python36\Scripts\;C:\Users\zhouyuan11\AppData\Local\Programs\Python\Python36\;C:\Users\zhouyuan11\AppData\Local\Microsoft\WindowsApps;D:\Microsoft VS Code\bin;C:\Program Files (x86)\Microsoft Visual Studio\Shared\Packages\Microsoft.CodeDom.Providers.DotNetCompilerPlatform.2.0.0\tools\RoslynLatest;D:\javajdk\bin;C:\MinGW\bin;D:\Fiddler;C:\Program Files\CMake\bin;C:\Users\zhouyuan11\Desktop\解释器\jieshi_toole;D:\maven\apache-maven-3.5.4-bin.tar\apache-maven-3.5.4\bin;D:\gooleDriver;D:\IntelliJ IDEA Community Edition 2018.3.4\bin;;D:\IntelliJ IDEA Community Edition 2018.3.4\IntelliJ IDEA 2018.3.5\bin;;D:\CocosCreator\resources\app.asar.unpacked\editor\builtin\anysdk\panel\resources\tool\win;D:\apache-jmeter-4.0\bin;C:\Users\zhouyuan11\AppData\Roaming\npm;D:\ffmpeg\ffmpeg\bin;C:\Users\zhouyuan11\go\bin;

Yarn version: 
  1.7.0

Node version: 
  10.16.0

Platform: 
  win32 x64

Trace: 
  Error: https://registry.npm.taobao.org/@types%2fwebpack.env: Not found
      at Request.params.callback [as _callback] (C:\Users\zhouyuan11\AppData\Roaming\npm\node_modules\yarn\lib\cli.js:65656:18)
      at Request.self.callback (C:\Users\zhouyuan11\AppData\Roaming\npm\node_modules\yarn\lib\cli.js:134675:22)
      at Request.emit (events.js:198:13)
      at Request.<anonymous> (C:\Users\zhouyuan11\AppData\Roaming\npm\node_modules\yarn\lib\cli.js:135658:10)
      at Request.emit (events.js:198:13)
      at IncomingMessage.<anonymous> (C:\Users\zhouyuan11\AppData\Roaming\npm\node_modules\yarn\lib\cli.js:135578:12)
      at Object.onceWrapper (events.js:286:20)
      at IncomingMessage.emit (events.js:203:15)
      at endReadableNT (_stream_readable.js:1129:12)
      at process._tickCallback (internal/process/next_tick.js:63:19)

npm manifest: 
  {
    "name": "starlight",
    "version": "1.0.0",
    "description": "",
    "private": true,
    "scripts": {
      "go": "webpack-dev-server --hot --mode=development",
      "serve": "webpack-dev-server --hot --mode=development",
      "pack": "webpack --mode=production",
      "test": "echo \"Error: no test specified\" && exit 1"
    },
    "keywords": [],
    "author": "",
    "license": "ISC",
    "devDependencies": {
      "@babel/core": "^7.5.5",
      "@babel/preset-env": "^7.5.5",
      "@types/node": "^12.6.8",
      "@webassemblyjs/ast": "^1.8.5",
      "@webassemblyjs/floating-point-hex-parser": "^1.8.5",
      "@webassemblyjs/helper-api-error": "^1.8.5",
      "@webassemblyjs/helper-code-frame": "^1.8.5",
      "@webassemblyjs/helper-fsm": "^1.8.5",
      "@webassemblyjs/helper-wasm-bytecode": "^1.8.5",
      "@webassemblyjs/wast-parser": "^1.8.5",
      "@webassemblyjs/wast-printer": "^1.8.5",
      "acorn": "^6.2.1",
      "awesome-typescript-loader": "^5.2.1",
      "babel-cli": "^6.26.0",
      "babel-loader": "^8.0.6",
      "babel-preset-env": "^1.7.0",
      "clean-webpack-plugin": "^3.0.0",
      "copy-webpack-plugin": "^5.0.3",
      "file-loader": "^4.1.0",
      "fs": "^0.0.1-security",
      "html-webpack-plugin": "^3.2.0",
      "json-parse-better-errors": "^1.0.2",
      "loader-runner": "^3.0.0",
      "minimatch": "^3.0.4",
      "neo-async": "^2.6.1",
      "resolve": "^1.11.1",
      "source-list-map": "^2.0.1",
      "source-map": "^0.7.3",
      "source-map-loader": "^0.2.4",
      "typescript": "^3.5.3",
      "webpack": "^4.36.1",
      "webpack-cli": "^3.3.6",
      "webpack-dev-server": "^3.7.2",
      "webpack-sources": "^1.3.0"
    },
    "dependencies": {
      "@xtuc/long": "^4.2.2"
    }
  }

yarn manifest: 
  No manifest

Lockfile: 
  No lockfile
